<?xml version="1.0" encoding="UTF-8"?>
<!-- Generated by org.testng.reporters.JUnitReportReporter -->
<testsuite hostname="DESKTOP-OLMI7T4" failures="0" tests="12" name="com.SauceLab.TestBase.LoginTest" time="26.309" errors="0" timestamp="2024-12-30T20:21:40 WAT" skipped="0">
  <testcase classname="com.SauceLab.TestBase.LoginTest" name="verifyImage" time="0.272"/>
  <system-out/>
  <testcase classname="com.SauceLab.TestBase.LoginTest" name="verifyImage" time="0.318"/>
  <system-out/>
  <testcase classname="com.SauceLab.TestBase.LoginTest" name="sauceLoginTest" time="4.332"/>
  <system-out/>
  <testcase classname="com.SauceLab.TestBase.LoginTest" name="sauceLoginTest" time="7.894"/>
  <system-out/>
  <testcase classname="com.SauceLab.TestBase.LoginTest" name="verifySort" time="2.498"/>
  <system-out/>
  <testcase classname="com.SauceLab.TestBase.LoginTest" name="verifySort" time="4.360"/>
  <system-out/>
  <testcase classname="com.SauceLab.TestBase.LoginTest" name="cartPageTest" time="1.136"/>
  <system-out/>
  <testcase classname="com.SauceLab.TestBase.LoginTest" name="cartPageTest" time="0.916"/>
  <system-out/>
  <testcase classname="com.SauceLab.TestBase.LoginTest" name="informationPageTest" time="1.114"/>
  <system-out/>
  <testcase classname="com.SauceLab.TestBase.LoginTest" name="informationPageTest" time="1.286"/>
  <system-out/>
  <testcase classname="com.SauceLab.TestBase.LoginTest" name="overviewPageTest" time="1.329"/>
  <system-out/>
  <testcase classname="com.SauceLab.TestBase.LoginTest" name="overviewPageTest" time="0.854"/>
  <system-out/>
</testsuite> <!-- com.SauceLab.TestBase.LoginTest -->
